TN:
SF:src\services\youtube\YoutubeDownloader.ts
FN:32,(anonymous_8)
FN:44,(anonymous_9)
FN:45,(anonymous_11)
FN:46,(anonymous_12)
FN:59,(anonymous_13)
FN:63,(anonymous_15)
FN:66,(anonymous_16)
FN:70,(anonymous_17)
FN:92,(anonymous_18)
FN:111,(anonymous_19)
FN:120,(anonymous_20)
FN:127,(anonymous_22)
FN:129,(anonymous_23)
FN:139,(anonymous_24)
FNF:14
FNH:12
FNDA:3,(anonymous_8)
FNDA:4,(anonymous_9)
FNDA:4,(anonymous_11)
FNDA:4,(anonymous_12)
FNDA:3,(anonymous_13)
FNDA:3,(anonymous_15)
FNDA:3,(anonymous_16)
FNDA:3,(anonymous_17)
FNDA:1,(anonymous_18)
FNDA:0,(anonymous_19)
FNDA:0,(anonymous_20)
FNDA:2,(anonymous_22)
FNDA:3,(anonymous_23)
FNDA:1,(anonymous_24)
DA:2,1
DA:25,1
DA:26,1
DA:27,1
DA:33,3
DA:34,1
DA:37,2
DA:38,2
DA:45,4
DA:46,4
DA:47,4
DA:48,1
DA:49,1
DA:51,3
DA:60,3
DA:61,3
DA:63,3
DA:64,3
DA:66,3
DA:67,3
DA:70,3
DA:71,3
DA:73,3
DA:74,3
DA:75,1
DA:76,1
DA:79,2
DA:81,2
DA:84,1
DA:92,1
DA:102,1
DA:104,1
DA:107,0
DA:111,3
DA:112,0
DA:121,0
DA:129,2
DA:130,3
DA:134,2
DA:135,1
DA:139,1
LF:41
LH:38
BRDA:33,0,0,1
BRDA:33,0,1,2
BRDA:38,1,0,2
BRDA:38,1,1,0
BRDA:47,2,0,1
BRDA:47,2,1,3
BRDA:74,3,0,1
BRDA:74,3,1,2
BRDA:130,4,0,3
BRDA:130,4,1,2
BRDA:134,5,0,1
BRDA:134,5,1,1
BRF:12
BRH:11
end_of_record
